[0206/210212.272:ERROR:process_reader_win.cc(108)] process 21768 not found
[0206/210212.273:ERROR:exception_snapshot_win.cc(98)] thread ID 23760 not found in process
[0206/210212.279:ERROR:scoped_process_suspend.cc(40)] NtResumeProcess: Forsøkte å få tilgang til en avsluttende prosess. (0xc000010a)
[0206/210212.323:ERROR:process_reader_win.cc(123)] NtOpenThread: {Ingen tilgang.} En prosess har bedt om tilgang til et objekt, men slik tilgang er ikke innvilget. (0xc0000022)
[0206/210212.323:ERROR:exception_snapshot_win.cc(98)] thread ID 16660 not found in process
[0206/220821.872:ERROR:process_reader_win.cc(151)] SuspendThread: Ingen tilgang. (0x5)
[0206/220821.873:ERROR:process_reader_win.cc(151)] SuspendThread: Ingen tilgang. (0x5)
[0206/220821.873:ERROR:process_reader_win.cc(123)] NtOpenThread: {Ingen tilgang.} En prosess har bedt om tilgang til et objekt, men slik tilgang er ikke innvilget. (0xc0000022)
[0206/220821.873:ERROR:exception_snapshot_win.cc(98)] thread ID 13600 not found in process
[0206/220821.886:ERROR:process_reader_win.cc(123)] NtOpenThread: {Ingen tilgang.} En prosess har bedt om tilgang til et objekt, men slik tilgang er ikke innvilget. (0xc0000022)
[0206/220821.886:ERROR:exception_snapshot_win.cc(98)] thread ID 10036 not found in process
[0206/221332.487:ERROR:process_reader_win.cc(123)] NtOpenThread: {Ingen tilgang.} En prosess har bedt om tilgang til et objekt, men slik tilgang er ikke innvilget. (0xc0000022)
[0206/221332.488:ERROR:exception_snapshot_win.cc(98)] thread ID 4616 not found in process
[0206/221332.499:ERROR:process_reader_win.cc(123)] NtOpenThread: {Ingen tilgang.} En prosess har bedt om tilgang til et objekt, men slik tilgang er ikke innvilget. (0xc0000022)
[0206/221332.499:ERROR:exception_snapshot_win.cc(98)] thread ID 16212 not found in process
[0206/223352.920:ERROR:process_reader_win.cc(151)] SuspendThread: Ingen tilgang. (0x5)
[0206/223352.920:ERROR:process_reader_win.cc(151)] SuspendThread: Ingen tilgang. (0x5)
[0206/223352.921:ERROR:process_reader_win.cc(151)] SuspendThread: Ingen tilgang. (0x5)
[0206/223352.921:ERROR:process_reader_win.cc(123)] NtOpenThread: {Ingen tilgang.} En prosess har bedt om tilgang til et objekt, men slik tilgang er ikke innvilget. (0xc0000022)
[0206/223352.921:ERROR:exception_snapshot_win.cc(98)] thread ID 7564 not found in process
[0206/223352.921:ERROR:process_reader_win.cc(123)] NtOpenThread: {Ingen tilgang.} En prosess har bedt om tilgang til et objekt, men slik tilgang er ikke innvilget. (0xc0000022)
[0206/223352.921:ERROR:exception_snapshot_win.cc(98)] thread ID 8592 not found in process
[0206/223352.936:ERROR:process_reader_win.cc(123)] NtOpenThread: {Ingen tilgang.} En prosess har bedt om tilgang til et objekt, men slik tilgang er ikke innvilget. (0xc0000022)
[0206/223352.936:ERROR:exception_snapshot_win.cc(98)] thread ID 23964 not found in process
[0206/223352.936:ERROR:process_reader_win.cc(123)] NtOpenThread: {Ingen tilgang.} En prosess har bedt om tilgang til et objekt, men slik tilgang er ikke innvilget. (0xc0000022)
[0206/223352.936:ERROR:exception_snapshot_win.cc(98)] thread ID 10116 not found in process
[0206/223457.020:ERROR:process_reader_win.cc(151)] SuspendThread: Ingen tilgang. (0x5)
[0206/223457.020:ERROR:process_reader_win.cc(151)] SuspendThread: Ingen tilgang. (0x5)
[0206/223457.020:ERROR:process_reader_win.cc(123)] NtOpenThread: {Ingen tilgang.} En prosess har bedt om tilgang til et objekt, men slik tilgang er ikke innvilget. (0xc0000022)
[0206/223457.020:ERROR:exception_snapshot_win.cc(98)] thread ID 26240 not found in process
[0206/223457.033:ERROR:process_reader_win.cc(123)] NtOpenThread: {Ingen tilgang.} En prosess har bedt om tilgang til et objekt, men slik tilgang er ikke innvilget. (0xc0000022)
[0206/223457.033:ERROR:exception_snapshot_win.cc(98)] thread ID 17984 not found in process
[0206/223614.022:ERROR:process_reader_win.cc(123)] NtOpenThread: {Ingen tilgang.} En prosess har bedt om tilgang til et objekt, men slik tilgang er ikke innvilget. (0xc0000022)
[0206/223614.023:ERROR:exception_snapshot_win.cc(98)] thread ID 28572 not found in process
[0206/223614.033:ERROR:process_reader_win.cc(123)] NtOpenThread: {Ingen tilgang.} En prosess har bedt om tilgang til et objekt, men slik tilgang er ikke innvilget. (0xc0000022)
[0206/223614.033:ERROR:exception_snapshot_win.cc(98)] thread ID 3604 not found in process
[0206/224554.760:ERROR:process_reader_win.cc(123)] NtOpenThread: {Ingen tilgang.} En prosess har bedt om tilgang til et objekt, men slik tilgang er ikke innvilget. (0xc0000022)
[0206/224554.761:ERROR:exception_snapshot_win.cc(98)] thread ID 5296 not found in process
[0206/224554.773:ERROR:process_reader_win.cc(123)] NtOpenThread: {Ingen tilgang.} En prosess har bedt om tilgang til et objekt, men slik tilgang er ikke innvilget. (0xc0000022)
[0206/224554.773:ERROR:exception_snapshot_win.cc(98)] thread ID 11584 not found in process
[0206/225952.357:ERROR:process_reader_win.cc(151)] SuspendThread: Ingen tilgang. (0x5)
[0206/225952.358:ERROR:process_reader_win.cc(123)] NtOpenThread: {Ingen tilgang.} En prosess har bedt om tilgang til et objekt, men slik tilgang er ikke innvilget. (0xc0000022)
[0206/225952.358:ERROR:exception_snapshot_win.cc(98)] thread ID 24132 not found in process
[0206/225952.372:ERROR:process_reader_win.cc(123)] NtOpenThread: {Ingen tilgang.} En prosess har bedt om tilgang til et objekt, men slik tilgang er ikke innvilget. (0xc0000022)
[0206/225952.372:ERROR:exception_snapshot_win.cc(98)] thread ID 20664 not found in process
[0206/230313.417:ERROR:process_reader_win.cc(123)] NtOpenThread: {Ingen tilgang.} En prosess har bedt om tilgang til et objekt, men slik tilgang er ikke innvilget. (0xc0000022)
[0206/230313.417:ERROR:exception_snapshot_win.cc(98)] thread ID 28516 not found in process
[0206/230313.432:ERROR:process_reader_win.cc(123)] NtOpenThread: {Ingen tilgang.} En prosess har bedt om tilgang til et objekt, men slik tilgang er ikke innvilget. (0xc0000022)
[0206/230313.432:ERROR:exception_snapshot_win.cc(98)] thread ID 6004 not found in process
[0206/235142.981:ERROR:process_reader_win.cc(123)] NtOpenThread: {Access Denied} A process has requested access to an object, but has not been granted those access rights. (0xc0000022)
[0206/235142.982:ERROR:exception_snapshot_win.cc(98)] thread ID 10260 not found in process
[0206/235407.904:ERROR:process_reader_win.cc(123)] NtOpenThread: {Access Denied} A process has requested access to an object, but has not been granted those access rights. (0xc0000022)
[0206/235407.904:ERROR:exception_snapshot_win.cc(98)] thread ID 9696 not found in process
[0207/081534.427:ERROR:process_reader_win.cc(123)] NtOpenThread: {Access Denied} A process has requested access to an object, but has not been granted those access rights. (0xc0000022)
[0207/081534.429:ERROR:exception_snapshot_win.cc(98)] thread ID 15488 not found in process
[0207/105506.533:ERROR:process_reader_win.cc(123)] NtOpenThread: {Access Denied} A process has requested access to an object, but has not been granted those access rights. (0xc0000022)
[0207/105506.534:ERROR:exception_snapshot_win.cc(98)] thread ID 20600 not found in process
[0207/111655.498:ERROR:process_reader_win.cc(123)] NtOpenThread: {Access Denied} A process has requested access to an object, but has not been granted those access rights. (0xc0000022)
[0207/111655.504:ERROR:exception_snapshot_win.cc(98)] thread ID 24712 not found in process
[0207/113652.362:ERROR:process_reader_win.cc(123)] NtOpenThread: {Access Denied} A process has requested access to an object, but has not been granted those access rights. (0xc0000022)
[0207/113652.363:ERROR:exception_snapshot_win.cc(98)] thread ID 25328 not found in process
[0207/120841.493:ERROR:process_reader_win.cc(123)] NtOpenThread: {Access Denied} A process has requested access to an object, but has not been granted those access rights. (0xc0000022)
[0207/120841.494:ERROR:exception_snapshot_win.cc(98)] thread ID 16640 not found in process
[0207/120841.493:ERROR:process_reader_win.cc(123)] NtOpenThread: {Access Denied} A process has requested access to an object, but has not been granted those access rights. (0xc0000022)
[0207/120841.494:ERROR:exception_snapshot_win.cc(98)] thread ID 11556 not found in process
